  Game.cpp
  CharacterController.cpp
  Main.cpp
  Pawn.cpp
C:\Program Files\Microsoft Visual Studio\2022\Community\VC\Tools\MSVC\14.36.32532\include\xutility(265,77): warning C4244: 'argument': conversion from '_Ty' to 'float', possible loss of data
          with
          [
              _Ty=int
          ]
C:\Program Files\Microsoft Visual Studio\2022\Community\VC\Tools\MSVC\14.36.32532\include\memory(2092,13): message : see reference to function template instantiation 'void std::_Construct_in_place<_Ty,int,int,int>(_Ty &,int &&,int &&,int &&) noexcept(false)' being compiled
          with
          [
              _Ty=CharacterController
          ]
C:\Program Files\Microsoft Visual Studio\2022\Community\VC\Tools\MSVC\14.36.32532\include\memory(2765,46): message : see reference to function template instantiation 'std::_Ref_count_obj2<CharacterController>::_Ref_count_obj2<_Ty,_Ty,_Ty>(_Ty &&,_Ty &&,_Ty &&)' being compiled
          with
          [
              _Ty=int
          ]
D:\School\Tools\CPP_Framework_Repo\CPP_Framework\CPP_Framework\Framework\Objects\Object.h(36,46): message : see reference to function template instantiation 'std::shared_ptr<CharacterController> std::make_shared<CharacterController,_Ty,_Ty,_Ty>(_Ty &&,_Ty &&,_Ty &&)' being compiled
          with
          [
              _Ty=int
          ]
D:\School\Tools\CPP_Framework_Repo\CPP_Framework\CPP_Framework\Framework\Objects\Pawn.cpp(6,15): message : see reference to function template instantiation 'std::shared_ptr<CharacterController> Object::AddComponent<CharacterController,int,int,int>(int &&,int &&,int &&)' being compiled
  Player.cpp
  Generating code
  13 of 945 functions ( 1.4%) were compiled, the rest were copied from previous compilation.
    0 functions were new in current compilation
    12 functions had inline decision re-evaluated but remain unchanged
  Finished generating code
  CPP_Framework.vcxproj -> D:\School\Tools\CPP_Framework_Repo\CPP_Framework\Release\CPP_Framework.exe
