d:\school\tools\cpp_framework_repo\cpp_framework\cpp_framework\debug\vc143.pdb
d:\school\tools\cpp_framework_repo\cpp_framework\cpp_framework\debug\vc143.idb
d:\school\tools\cpp_framework_repo\cpp_framework\cpp_framework\debug\scene.obj
d:\school\tools\cpp_framework_repo\cpp_framework\cpp_framework\debug\player.obj
d:\school\tools\cpp_framework_repo\cpp_framework\cpp_framework\debug\performancetestscene.obj
d:\school\tools\cpp_framework_repo\cpp_framework\cpp_framework\debug\leftobject.obj
d:\school\tools\cpp_framework_repo\cpp_framework\cpp_framework\debug\enemy.obj
d:\school\tools\cpp_framework_repo\cpp_framework\cpp_framework\debug\collisiontestscene.obj
d:\school\tools\cpp_framework_repo\cpp_framework\cpp_framework\debug\gameobject.obj
d:\school\tools\cpp_framework_repo\cpp_framework\cpp_framework\debug\main.obj
d:\school\tools\cpp_framework_repo\cpp_framework\cpp_framework\debug\inputhandler.obj
d:\school\tools\cpp_framework_repo\cpp_framework\cpp_framework\debug\rigidbody.obj
d:\school\tools\cpp_framework_repo\cpp_framework\cpp_framework\debug\inputactionmap.obj
d:\school\tools\cpp_framework_repo\cpp_framework\cpp_framework\debug\scenerenderer.obj
d:\school\tools\cpp_framework_repo\cpp_framework\cpp_framework\debug\scenemanager.obj
d:\school\tools\cpp_framework_repo\cpp_framework\cpp_framework\debug\game.obj
d:\school\tools\cpp_framework_repo\cpp_framework\cpp_framework\debug\component.obj
d:\school\tools\cpp_framework_repo\cpp_framework\cpp_framework\debug\sweepandprune.obj
d:\school\tools\cpp_framework_repo\cpp_framework\cpp_framework\debug\collisionpair.obj
d:\school\tools\cpp_framework_repo\cpp_framework\cpp_framework\debug\collisionchecker.obj
d:\school\tools\cpp_framework_repo\cpp_framework\cpp_framework\debug\bruteforce.obj
d:\school\tools\cpp_framework_repo\cpp_framework\cpp_framework\debug\aabbcollider.obj
d:\school\tools\cpp_framework_repo\cpp_framework\cpp_framework\debug\vector2.obj
d:\school\tools\cpp_framework_repo\cpp_framework\cpp_framework\debug\spriterenderer.obj
d:\school\tools\cpp_framework_repo\cpp_framework\debug\sfml-graphics-d-2.dll
d:\school\tools\cpp_framework_repo\cpp_framework\debug\sfml-window-d-2.dll
d:\school\tools\cpp_framework_repo\cpp_framework\debug\sfml-system-d-2.dll
d:\school\tools\cpp_framework_repo\cpp_framework\debug\freetyped.dll
d:\school\tools\cpp_framework_repo\cpp_framework\debug\zlibd1.dll
d:\school\tools\cpp_framework_repo\cpp_framework\debug\bz2d.dll
d:\school\tools\cpp_framework_repo\cpp_framework\debug\libpng16d.dll
d:\school\tools\cpp_framework_repo\cpp_framework\debug\brotlidec.dll
d:\school\tools\cpp_framework_repo\cpp_framework\debug\brotlicommon.dll
d:\school\tools\cpp_framework_repo\cpp_framework\debug\cpp_framework.exe
d:\school\tools\cpp_framework_repo\cpp_framework\cpp_framework\debug\cpp_framework.ilk
d:\school\tools\cpp_framework_repo\cpp_framework\debug\cpp_framework.pdb
d:\school\tools\cpp_framework_repo\cpp_framework\cpp_framework\debug\cpp_framework.tlog\cl.command.1.tlog
d:\school\tools\cpp_framework_repo\cpp_framework\cpp_framework\debug\cpp_framework.tlog\cl.items.tlog
d:\school\tools\cpp_framework_repo\cpp_framework\cpp_framework\debug\cpp_framework.tlog\cl.read.1.tlog
d:\school\tools\cpp_framework_repo\cpp_framework\cpp_framework\debug\cpp_framework.tlog\cl.write.1.tlog
d:\school\tools\cpp_framework_repo\cpp_framework\cpp_framework\debug\cpp_framework.tlog\cpp_framework.write.1u.tlog
d:\school\tools\cpp_framework_repo\cpp_framework\cpp_framework\debug\cpp_framework.tlog\link.command.1.tlog
d:\school\tools\cpp_framework_repo\cpp_framework\cpp_framework\debug\cpp_framework.tlog\link.read.1.tlog
d:\school\tools\cpp_framework_repo\cpp_framework\cpp_framework\debug\cpp_framework.tlog\link.write.1.tlog
