  Main.cpp
  CollisionTestScene.cpp
C:\Program Files\Microsoft Visual Studio\2022\Community\VC\Tools\MSVC\14.36.32532\include\xutility(265,77): warning C4244: 'argument': conversion from '_Ty' to 'float', possible loss of data
          with
          [
              _Ty=int
          ]
C:\Program Files\Microsoft Visual Studio\2022\Community\VC\Tools\MSVC\14.36.32532\include\memory(2092,13): message : see reference to function template instantiation 'void std::_Construct_in_place<_Ty,int,int,int>(_Ty &,int &&,int &&,int &&) noexcept(false)' being compiled
          with
          [
              _Ty=RigidBody
          ]
C:\Program Files\Microsoft Visual Studio\2022\Community\VC\Tools\MSVC\14.36.32532\include\memory(2765,46): message : see reference to function template instantiation 'std::_Ref_count_obj2<RigidBody>::_Ref_count_obj2<_Ty,_Ty,_Ty>(_Ty &&,_Ty &&,_Ty &&)' being compiled
          with
          [
              _Ty=int
          ]
D:\School\Tools\CPP_Framework_Repo\CPP_Framework\CPP_Framework\Framework\Objects\Object.h(42,46): message : see reference to function template instantiation 'std::shared_ptr<RigidBody> std::make_shared<RigidBody,_Ty,_Ty,_Ty>(_Ty &&,_Ty &&,_Ty &&)' being compiled
          with
          [
              _Ty=int
          ]
D:\School\Tools\CPP_Framework_Repo\CPP_Framework\CPP_Framework\Testing\CollisionTestScene.cpp(39,3): message : see reference to function template instantiation 'std::shared_ptr<RigidBody> Object::AddComponent<RigidBody,int,int,int>(int &&,int &&,int &&)' being compiled
  Generating Code...
  CPP_Framework.vcxproj -> D:\School\Tools\CPP_Framework_Repo\CPP_Framework\Debug\CPP_Framework.exe
